JvmtiExport can_access_local_variables 0
JvmtiExport can_hotswap_or_post_breakpoint 0
JvmtiExport can_post_on_exceptions 0
# 228 ciObject found
ciMethod java/lang/Object <init> ()V 4097 1 503502 0 0
ciMethod java/lang/String <init> ([CII)V 3073 1 5504 0 -1
ciMethod java/lang/String <init> ([CZ)V 1553 1 7276 0 -1
ciMethod java/lang/String length ()I 4097 1 402792 0 0
ciMethod java/lang/String charAt (I)C 4097 1 176340 0 -1
ciMethod java/lang/String getChars (II[CI)V 2049 1 5376 0 320
ciMethod java/lang/String indexOf (II)I 1521 40961 954 0 384
ciMethod java/lang/String indexOfSupplementary (II)I 0 0 1 0 -1
ciMethod java/lang/String substring (II)Ljava/lang/String; 2049 1 5387 0 -1
ciMethod java/lang/String valueOf (I)Ljava/lang/String; 3073 1 169455 0 1216
ciMethod java/lang/String valueOf (D)Ljava/lang/String; 2057 1 68346 0 -1
ciMethod java/lang/System arraycopy (Ljava/lang/Object;ILjava/lang/Object;II)V 7169 1 896 0 -1
ciMethod java/lang/Throwable printStackTrace ()V 0 0 1 0 -1
ciMethod java/lang/Throwable addSuppressed (Ljava/lang/Throwable;)V 0 0 1 0 -1
ciMethod java/lang/Thread currentThread ()Ljava/lang/Thread; 2049 1 256 0 -1
ciMethod java/lang/AbstractStringBuilder <init> (I)V 1425 1 305205 0 -1
ciMethod java/lang/StringBuilder <init> (Ljava/lang/String;)V 2049 1 274351 0 1088
ciMethod java/lang/StringBuilder append (Ljava/lang/String;)Ljava/lang/StringBuilder; 2049 1 371460 0 -1
ciMethod java/lang/StringBuilder toString ()Ljava/lang/String; 1217 1 299444 0 800
ciMethod java/lang/Double toString (D)Ljava/lang/String; 2057 1 68349 0 -1
ciMethod java/lang/Integer toString (I)Ljava/lang/String; 2065 1 5397 0 1216
ciMethod java/lang/Integer getChars (II[C)V 2073 657 5385 0 -1
ciMethod java/lang/Integer stringSize (I)I 2049 641 10519 0 -1
ciMethod java/lang/Math max (II)I 2049 1 19164 0 -1
ciMethod java/lang/Math min (II)I 4097 1 71451 0 -1
ciMethod java/util/Arrays copyOf ([II)[I 2057 1 36389 0 0
ciMethod java/io/PrintStream println (Ljava/lang/Object;)V 2049 1 6399 0 -1
ciMethodData java/lang/Object <init> ()V 2 503502 orig 264 232 160 64 89 0 0 0 0 104 4 20 22 0 0 0 0 32 1 0 0 0 0 0 0 0 0 0 0 0 0 0 0 0 0 0 0 0 0 0 0 0 0 0 0 0 0 0 0 0 0 0 0 0 0 0 0 0 0 0 0 0 0 0 0 0 0 0 0 0 0 0 0 0 0 0 0 0 0 0 0 77 68 79 32 101 120 116 114 97 32 100 97 116 97 32 108 111 99 107 0 0 0 0 0 0 0 0 0 0 0 0 0 0 0 0 0 0 0 0 0 0 0 0 0 0 0 0 0 0 0 0 0 0 0 0 0 0 0 0 0 0 0 0 0 0 0 0 0 0 0 0 0 0 0 0 0 0 0 0 0 0 0 0 0 0 0 0 0 0 0 0 0 0 0 0 0 0 0 0 0 0 0 0 0 1 0 0 0 0 0 0 0 1 0 0 0 0 0 0 0 1 0 0 0 0 0 0 0 0 0 0 0 0 0 0 0 0 2 0 0 113 102 61 0 1 0 0 0 0 0 0 0 0 0 0 0 2 0 0 0 0 0 3 0 1 0 0 0 0 0 0 0 255 255 255 255 0 0 0 0 0 0 0 0 data 0 oops 0
ciMethodData java/lang/String length ()I 2 402794 orig 264 232 160 64 89 0 0 0 0 176 58 20 22 0 0 0 0 32 1 0 0 0 0 0 0 0 0 0 0 0 0 0 0 0 0 0 0 0 0 0 0 0 0 0 0 0 0 0 0 0 0 0 0 0 0 0 0 0 0 0 0 0 0 0 0 0 0 0 0 0 0 0 0 0 0 0 0 0 0 0 0 77 68 79 32 101 120 116 114 97 32 100 97 116 97 32 108 111 99 107 0 0 0 0 0 0 0 0 0 0 0 0 0 0 0 0 0 0 0 0 0 0 0 0 0 0 0 0 0 0 0 0 0 0 0 0 0 0 0 0 0 0 0 0 0 0 0 0 0 0 0 0 0 0 0 0 0 0 0 0 0 0 0 0 0 0 0 0 0 0 0 0 0 0 0 0 0 0 0 0 0 0 0 0 0 1 0 0 0 0 0 0 0 0 0 0 0 0 0 0 0 1 0 0 0 0 0 0 0 0 0 0 0 0 0 0 0 0 2 0 0 81 27 49 0 1 0 0 0 0 0 0 0 0 0 0 0 2 0 0 0 0 0 3 0 1 0 0 0 0 0 0 0 255 255 255 255 0 0 0 0 0 0 0 0 data 0 oops 0
ciMethodData java/lang/String indexOf (II)I 2 29714 orig 264 232 160 64 89 0 0 0 0 136 78 20 22 0 0 0 0 16 2 0 0 88 0 0 0 0 0 0 0 0 0 0 0 0 0 0 0 0 0 0 0 0 0 0 0 0 0 0 0 0 0 0 0 0 0 0 0 0 0 0 0 0 0 0 0 0 0 0 0 0 0 0 0 0 0 0 0 0 0 0 0 77 68 79 32 101 120 116 114 97 32 100 97 116 97 32 108 111 99 107 0 0 0 0 0 0 0 0 0 0 0 0 0 0 0 0 0 0 0 0 0 0 0 0 0 0 0 0 0 0 0 0 0 0 0 0 0 0 0 0 0 0 0 0 0 0 0 0 0 0 0 0 0 0 0 0 0 0 0 0 0 0 0 0 0 0 0 0 0 0 0 0 0 0 0 0 0 0 0 0 0 0 0 0 0 0 0 0 0 0 0 0 0 0 0 0 0 0 0 0 0 0 0 0 0 0 0 0 0 0 0 0 0 0 0 0 0 0 20 0 0 225 23 0 0 145 0 3 0 0 0 0 0 0 0 0 0 2 0 0 0 1 0 15 0 2 0 0 0 224 0 0 0 255 255 255 255 7 0 7 0 0 0 0 0 data 28 0x70007 0x2fc 0x38 0x0 0xc0003 0x0 0x38 0x110007 0x2c0 0x20 0x3c 0x190007 0x0 0x78 0x2c0 0x280007 0x272 0x58 0x605b 0x310007 0x600d 0x20 0x4e 0x3a0003 0x600d 0xffffffffffffffc0 0x420002 0x0 oops 0
ciMethodData java/lang/String getChars (II[CI)V 2 5376 orig 264 232 160 64 89 0 0 0 0 16 64 20 22 0 0 0 0 8 2 0 0 128 0 0 0 0 0 0 0 0 0 0 0 0 0 0 0 0 0 0 0 0 0 0 0 0 0 0 0 0 0 0 0 0 0 0 0 0 0 0 0 0 0 0 0 0 0 0 0 0 0 0 0 0 0 0 0 0 0 0 0 77 68 79 32 101 120 116 114 97 32 100 97 116 97 32 108 111 99 107 0 0 0 0 0 0 0 0 0 0 0 0 0 0 0 0 0 0 0 0 0 0 0 0 0 0 0 0 0 0 0 0 0 0 0 0 0 0 0 0 0 0 0 0 0 0 0 0 0 0 0 0 0 0 0 0 0 0 0 0 0 0 0 0 0 0 0 0 0 0 0 0 0 0 0 0 0 0 0 0 0 0 0 0 0 25 0 0 0 0 0 0 0 0 0 0 0 0 0 0 0 1 0 0 0 0 0 0 0 0 0 0 0 0 0 0 0 0 1 0 0 1 160 0 0 1 0 0 0 0 0 0 0 0 0 0 0 2 0 0 0 0 0 9 0 2 0 0 0 160 0 0 0 255 255 255 255 7 0 1 0 0 0 0 0 data 20 0x10007 0x1400 0x30 0x0 0x90002 0x0 0x130007 0x1400 0x30 0x0 0x1b0002 0x0 0x210007 0x1400 0x30 0x0 0x2b0002 0x0 0x3a0002 0x1400 oops 0
ciMethod MainWindow setSensorText ()V 2041 1 6399 0 -1
ciMethod org/ejml/simple/SimpleBase mult (Lorg/ejml/simple/SimpleBase;)Lorg/ejml/simple/SimpleBase; 2049 1 5376 0 -1
ciMethod org/ejml/simple/SimpleBase get (II)D 2049 1 68930 0 256
ciMethod org/ejml/simple/SimpleMatrix <init> ([[D)V 2057 1 25599 0 -1
ciMethod org/eclipse/swt/widgets/Control getCodePage ()I 353 1 5165 0 32
ciMethod org/eclipse/swt/widgets/Widget checkWidget ()V 2049 1 5389 0 128
ciMethod org/eclipse/swt/widgets/Widget error (I)V 0 0 1 0 -1
ciMethod org/eclipse/swt/widgets/Widget filters (I)Z 2129 1 24119 0 0
ciMethod org/eclipse/swt/widgets/Widget hooks (I)Z 2105 1 27924 0 288
ciMethod org/eclipse/swt/widgets/Widget isDisposed ()Z 2049 1 59507 0 -1
ciMethod org/eclipse/swt/widgets/Widget sendEvent (I)V 2049 1 3046 0 -1
ciMethod org/eclipse/swt/widgets/Display filters (I)Z 2057 1 31436 0 0
ciMethod org/eclipse/swt/widgets/Display withCrLf (Ljava/lang/String;)Ljava/lang/String; 2049 1 5376 0 320
ciMethod org/eclipse/swt/internal/win32/OS GetWindowLong (JI)I 1673 1 7216 0 0
ciMethod org/eclipse/swt/internal/win32/OS GetWindowText (JLorg/eclipse/swt/internal/win32/TCHAR;I)I 0 0 1 0 -1
ciMethod org/eclipse/swt/internal/win32/OS GetWindowTextLength (J)I 0 0 1 0 -1
ciMethod org/eclipse/swt/internal/win32/OS SendMessage (JIJLorg/eclipse/swt/internal/win32/TCHAR;)J 0 0 1 0 -1
ciMethod org/eclipse/swt/internal/win32/OS SendMessage (JI[I[I)J 601 1 75 0 -1
ciMethod org/eclipse/swt/internal/win32/OS SendMessage (JIJJ)J 1057 1 24522 0 0
ciMethod org/eclipse/swt/internal/win32/OS SetWindowText (JLorg/eclipse/swt/internal/win32/TCHAR;)Z 2049 1 5378 0 96
ciMethod org/eclipse/swt/internal/win32/OS GetCurrentThreadId ()I 9 1 1 0 -1
ciMethod org/eclipse/swt/internal/win32/OS GetWindowLongW (JI)I 2049 1 256 0 -1
ciMethod org/eclipse/swt/internal/win32/OS GetWindowLongA (JI)I 0 0 1 0 -1
ciMethod org/eclipse/swt/internal/win32/OS SendMessageW (JIJJ)J 2049 1 256 0 -1
ciMethod org/eclipse/swt/internal/win32/OS SendMessageA (JIJJ)J 0 0 1 0 -1
ciMethod org/eclipse/swt/internal/win32/OS SetWindowTextW (J[C)Z 2049 1 256 0 -1
ciMethod org/eclipse/swt/internal/win32/OS SetWindowTextA (J[B)Z 0 0 1 0 -1
ciMethod org/eclipse/swt/internal/win32/OS WideCharToMultiByte (II[CI[BI[B[Z)I 0 0 1 0 -1
ciMethod org/eclipse/swt/internal/win32/TCHAR <init> (II)V 17 1 2 0 -1
ciMethod org/eclipse/swt/internal/win32/TCHAR <init> (I[CZ)V 529 1 6211 0 128
ciMethod org/eclipse/swt/internal/win32/TCHAR <init> (ILjava/lang/String;Z)V 529 1 12603 0 416
ciMethod org/eclipse/swt/internal/win32/TCHAR getChars (Ljava/lang/String;Z)[C 529 1 12603 0 0
ciMethod org/eclipse/swt/internal/win32/TCHAR toString (II)Ljava/lang/String; 9 1 1 0 -1
ciMethod org/eclipse/swt/widgets/Text applySegments ()V 1 1 5136 0 -1
ciMethod org/eclipse/swt/widgets/Text clearSegments (Z)V 1 1 5123 0 -1
ciMethod org/eclipse/swt/widgets/Text deprocessText (Lorg/eclipse/swt/internal/win32/TCHAR;IIZ)Lorg/eclipse/swt/internal/win32/TCHAR; 0 0 1 0 -1
ciMethod org/eclipse/swt/widgets/Text mbcsToWcsPos (I)I 0 0 1 0 -1
ciMethod org/eclipse/swt/widgets/Text setText (Ljava/lang/String;)V 2113 1 5385 0 1376
ciMethod org/eclipse/swt/widgets/Text untranslateOffset (I)I 0 0 1 0 -1
ciMethod org/eclipse/swt/widgets/Text updateTextDirection (I)Z 0 0 1 0 -1
ciMethod org/eclipse/swt/widgets/Text verifyText (Ljava/lang/String;IILorg/eclipse/swt/widgets/Event;)Ljava/lang/String; 0 0 1 0 -1
ciMethod org/eclipse/swt/widgets/Text wcsToMbcsPos (I)I 0 0 1 0 -1
ciMethodData org/eclipse/swt/widgets/Display filters (I)Z 2 31436 orig 264 232 160 64 89 0 0 0 0 112 29 89 22 0 0 0 0 160 1 0 0 0 0 0 0 0 0 0 0 0 0 0 0 0 0 0 0 0 0 0 0 0 0 0 0 0 0 0 0 0 0 0 0 0 0 0 0 0 0 0 0 0 0 0 0 0 0 0 0 0 0 0 0 0 0 0 0 0 0 0 0 77 68 79 32 101 120 116 114 97 32 100 97 116 97 32 108 111 99 107 0 0 0 0 0 0 0 0 0 0 0 0 0 0 0 0 0 0 0 0 0 0 0 0 0 0 0 0 0 0 0 0 0 0 0 0 0 0 0 0 0 0 0 0 0 0 0 0 0 0 0 0 0 0 0 0 0 0 0 0 0 0 0 0 0 0 0 0 0 0 0 0 0 0 0 0 0 0 0 0 0 0 0 0 0 0 0 0 0 0 0 0 0 0 0 0 0 0 0 0 0 0 0 0 0 0 0 0 0 0 0 0 0 0 0 0 0 1 1 0 0 89 206 3 0 1 0 0 0 0 0 0 0 0 0 0 0 2 0 0 0 0 0 5 0 2 0 0 0 80 0 0 0 255 255 255 255 7 0 4 0 0 0 0 0 data 10 0x40007 0x0 0x20 0x79cb 0xe0005 0x0 0x0 0x0 0x0 0x0 oops 0
ciMethodData org/eclipse/swt/widgets/Widget checkWidget ()V 2 5389 orig 264 232 160 64 89 0 0 0 0 216 239 86 22 0 0 0 0 120 2 0 0 176 0 0 0 0 0 0 0 0 0 0 0 0 0 0 0 0 0 0 0 0 0 0 0 0 0 0 0 0 0 0 0 0 0 0 0 0 0 0 0 0 0 0 0 0 0 0 0 0 0 0 0 0 0 0 0 0 0 0 0 77 68 79 32 101 120 116 114 97 32 100 97 116 97 32 108 111 99 107 0 0 0 0 0 0 0 0 0 0 0 0 0 0 0 0 0 0 0 0 0 0 0 0 0 0 0 0 0 0 0 0 0 0 0 0 0 0 0 0 0 0 0 0 0 0 0 0 0 0 0 0 0 0 0 0 0 0 0 0 0 0 0 0 0 0 0 0 0 0 0 0 0 0 0 0 0 0 0 0 0 0 0 0 0 0 0 0 0 0 0 0 0 0 0 0 0 0 0 0 0 0 0 0 0 0 0 0 0 0 0 0 0 0 0 0 0 0 1 0 0 105 160 0 0 1 0 0 0 0 0 0 0 0 0 0 0 2 0 0 0 0 0 14 0 2 0 0 0 48 1 0 0 255 255 255 255 7 0 6 0 0 0 0 0 data 38 0x60007 0x140d 0x50 0x0 0xc0005 0x0 0x0 0x0 0x0 0x0 0x130002 0x140d 0x160007 0x140d 0x80 0x0 0x1d0002 0x0 0x200007 0x0 0x50 0x0 0x260005 0x0 0x0 0x0 0x0 0x0 0x2f0007 0x140d 0x50 0x0 0x350005 0x0 0x0 0x0 0x0 0x0 oops 0
ciMethodData org/eclipse/swt/widgets/Widget hooks (I)Z 2 27924 orig 264 232 160 64 89 0 0 0 0 216 251 86 22 0 0 0 0 160 1 0 0 0 0 0 0 0 0 0 0 0 0 0 0 0 0 0 0 0 0 0 0 0 0 0 0 0 0 0 0 0 0 0 0 0 0 0 0 0 0 0 0 0 0 0 0 0 0 0 0 0 0 0 0 0 0 0 0 0 0 0 0 77 68 79 32 101 120 116 114 97 32 100 97 116 97 32 108 111 99 107 0 0 0 0 0 0 0 0 0 0 0 0 0 0 0 0 0 0 0 0 0 0 0 0 0 0 0 0 0 0 0 0 0 0 0 0 0 0 0 0 0 0 0 0 0 0 0 0 0 0 0 0 0 0 0 0 0 0 0 0 0 0 0 0 0 0 0 0 0 0 0 0 0 0 0 0 0 0 0 0 0 0 0 0 0 17 0 0 0 0 0 0 0 0 0 0 0 0 0 0 0 1 0 0 0 0 0 0 0 0 0 0 0 0 0 0 0 7 1 0 0 105 96 3 0 1 0 0 0 0 0 0 0 0 0 0 0 2 0 0 0 0 0 5 0 2 0 0 0 80 0 0 0 255 255 255 255 7 0 4 0 0 0 0 0 data 10 0x40007 0xad1 0x20 0x613c 0xe0005 0x0 0x1a60ad50 0xad1 0x0 0x0 oops 1 6 org/eclipse/swt/widgets/EventTable
ciMethodData org/eclipse/swt/widgets/Widget filters (I)Z 2 24119 orig 264 232 160 64 89 0 0 0 0 224 243 86 22 0 0 0 0 128 1 0 0 0 0 0 0 0 0 0 0 0 0 0 0 0 0 0 0 0 0 0 0 0 0 0 0 0 0 0 0 0 0 0 0 0 0 0 0 0 0 0 0 0 0 0 0 0 0 0 0 0 0 0 0 0 0 0 0 0 0 0 0 77 68 79 32 101 120 116 114 97 32 100 97 116 97 32 108 111 99 107 0 0 0 0 0 0 0 0 0 0 0 0 0 0 0 0 0 0 0 0 0 0 0 0 0 0 0 0 0 0 0 0 0 0 0 0 0 0 0 0 0 0 0 0 0 0 0 0 0 0 0 0 0 0 0 0 0 0 0 0 0 0 0 0 0 0 0 0 0 0 0 0 0 0 0 0 0 0 0 0 0 0 0 0 0 0 0 0 0 0 0 0 0 0 0 0 0 0 0 0 0 0 0 0 0 0 0 0 0 0 0 0 0 0 0 0 0 10 1 0 0 105 233 2 0 1 0 0 0 0 0 0 0 0 0 0 0 2 0 0 0 0 0 6 0 2 0 0 0 48 0 0 0 255 255 255 255 5 0 5 0 0 0 0 0 data 6 0x50005 0x0 0x1a62dff0 0x5d2d 0x0 0x0 oops 1 2 org/eclipse/swt/widgets/Display
ciMethodData org/eclipse/swt/internal/win32/OS GetWindowLong (JI)I 2 7216 orig 264 232 160 64 89 0 0 0 0 144 108 92 22 0 0 0 0 152 1 0 0 32 0 0 0 0 0 0 0 0 0 0 0 0 0 0 0 0 0 0 0 0 0 0 0 0 0 0 0 0 0 0 0 0 0 0 0 0 0 0 0 0 0 0 0 0 0 0 0 0 0 0 0 0 0 0 0 0 0 0 0 77 68 79 32 101 120 116 114 97 32 100 97 116 97 32 108 111 99 107 0 0 0 0 0 0 0 0 0 0 0 0 0 0 0 0 0 0 0 0 0 0 0 0 0 0 0 0 0 0 0 0 0 0 0 0 0 0 0 0 0 0 0 0 0 0 0 0 0 0 0 0 0 0 0 0 0 0 0 0 0 0 0 0 0 0 0 0 0 0 0 0 0 0 0 0 0 0 0 0 0 0 0 0 0 25 0 0 0 0 0 0 0 0 0 0 0 0 0 0 0 0 0 0 0 0 0 0 0 0 0 0 0 0 0 0 0 209 0 0 0 249 218 0 0 1 0 0 0 0 0 0 0 0 0 0 0 2 0 0 0 0 0 4 0 2 0 0 0 64 0 0 0 255 255 255 255 7 0 3 0 0 0 0 0 data 8 0x30007 0x0 0x30 0x1b5f 0x80002 0x1b5f 0xe0002 0x0 oops 0
ciMethodData org/eclipse/swt/internal/win32/OS SendMessage (JIJJ)J 2 24522 orig 264 232 160 64 89 0 0 0 0 184 148 92 22 0 0 0 0 184 1 0 0 32 0 0 0 0 0 0 0 0 0 0 0 0 0 0 0 0 0 0 0 0 0 0 0 0 0 0 0 0 0 0 0 0 0 0 0 0 0 0 0 0 0 0 0 0 0 0 0 0 0 0 0 0 0 0 0 0 0 0 0 77 68 79 32 101 120 116 114 97 32 100 97 116 97 32 108 111 99 107 0 0 0 0 0 0 0 0 0 0 0 0 0 0 0 0 0 0 0 0 0 0 0 0 0 0 0 0 0 0 0 0 0 0 0 0 0 0 0 0 0 0 0 0 0 0 0 0 0 0 0 0 0 0 0 0 0 0 0 0 0 0 0 0 0 0 0 0 0 0 0 0 0 0 0 0 0 0 0 0 0 0 0 0 0 0 0 0 0 0 0 0 0 0 0 0 0 0 0 0 0 0 0 0 0 0 0 0 0 0 0 0 0 0 0 0 0 132 0 0 0 49 250 2 0 1 0 0 0 0 0 0 0 0 0 0 0 2 0 0 0 0 0 4 0 2 0 0 0 64 0 0 0 255 255 255 255 7 0 3 0 0 0 0 0 data 8 0x30007 0x0 0x30 0x5f46 0xb0002 0x5f46 0x140002 0x0 oops 0
ciMethodData org/eclipse/swt/widgets/Control getCodePage ()I 2 5165 orig 264 232 160 64 89 0 0 0 0 208 247 85 22 0 0 0 0 32 2 0 0 200 0 0 0 0 0 0 0 0 0 0 0 0 0 0 0 0 0 0 0 0 0 0 0 0 0 0 0 0 0 0 0 0 0 0 0 0 0 0 0 0 0 0 0 0 0 0 0 0 0 0 0 0 0 0 0 0 0 0 0 77 68 79 32 101 120 116 114 97 32 100 97 116 97 32 108 111 99 107 0 0 0 0 0 0 0 0 0 0 0 0 0 0 0 0 0 0 0 0 0 0 0 0 0 0 0 0 0 0 0 0 0 0 0 0 0 0 0 0 0 0 0 0 0 0 0 0 0 0 0 0 0 0 0 0 0 0 0 0 0 0 0 0 0 0 0 0 0 0 0 0 0 0 0 0 0 0 0 0 0 0 0 0 0 0 0 0 0 0 0 0 0 0 0 0 0 0 0 0 0 0 0 0 0 0 0 0 0 0 0 0 0 0 0 0 0 44 0 0 0 9 160 0 0 1 0 0 0 0 0 0 0 0 0 0 0 2 0 0 0 0 0 4 0 2 0 0 0 216 0 0 0 255 255 255 255 7 0 3 0 0 0 0 0 data 27 0x30007 0x0 0x20 0x1401 0x100002 0x0 0x170007 0x0 0x48 0x0 0x1e0002 0x0 0x210003 0x0 0x28 0x280002 0x0 0x310002 0x0 0x4b0002 0x0 0x4e0007 0x0 0x20 0x0 0x560002 0x0 oops 0
ciMethodData org/eclipse/swt/internal/win32/TCHAR <init> (ILjava/lang/String;Z)V 2 12603 orig 264 232 160 64 89 0 0 0 0 24 131 95 22 0 0 0 0 128 1 0 0 0 0 0 0 0 0 0 0 0 0 0 0 0 0 0 0 0 0 0 0 0 0 0 0 0 0 0 0 0 0 0 0 0 0 0 0 0 0 0 0 0 0 0 0 0 0 0 0 0 0 0 0 0 0 0 0 0 0 0 0 77 68 79 32 101 120 116 114 97 32 100 97 116 97 32 108 111 99 107 0 0 0 0 0 0 0 0 0 0 0 0 0 0 0 0 0 0 0 0 0 0 0 0 0 0 0 0 0 0 0 0 0 0 0 0 0 0 0 0 0 0 0 0 0 0 0 0 0 0 0 0 0 0 0 0 0 0 0 0 0 0 0 0 0 0 0 0 0 0 0 0 0 0 0 0 0 0 0 0 0 0 0 0 0 0 0 0 0 0 0 0 0 0 0 0 0 0 0 0 0 0 0 0 0 0 0 0 0 0 0 0 0 0 0 0 0 66 0 0 0 201 135 1 0 1 0 0 0 0 0 0 0 0 0 0 0 2 0 0 0 0 0 7 0 2 0 0 0 32 0 0 0 255 255 255 255 2 0 4 0 0 0 0 0 data 4 0x40002 0x30f9 0x80002 0x30f9 oops 0
ciMethodData org/eclipse/swt/internal/win32/TCHAR getChars (Ljava/lang/String;Z)[C 2 12603 orig 264 232 160 64 89 0 0 0 0 192 131 95 22 0 0 0 0 232 1 0 0 80 0 0 0 0 0 0 0 0 0 0 0 0 0 0 0 0 0 0 0 0 0 0 0 0 0 0 0 0 0 0 0 0 0 0 0 0 0 0 0 0 0 0 0 0 0 0 0 0 0 0 0 0 0 0 0 0 0 0 0 77 68 79 32 101 120 116 114 97 32 100 97 116 97 32 108 111 99 107 0 0 0 0 0 0 0 0 0 0 0 0 0 0 0 0 0 0 0 0 0 0 0 0 0 0 0 0 0 0 0 0 0 0 0 0 0 0 0 0 0 0 0 0 0 0 0 0 0 0 0 0 0 0 0 0 0 0 0 0 0 0 0 0 0 0 0 0 0 0 0 0 0 0 0 0 0 0 0 0 0 0 0 0 0 0 0 0 0 0 0 0 0 0 0 0 0 0 0 0 0 0 0 0 0 0 0 0 0 0 0 0 0 0 0 0 0 66 0 0 0 201 135 1 0 1 0 0 0 0 0 0 0 0 0 0 0 2 0 0 0 0 0 6 0 2 0 0 0 152 0 0 0 255 255 255 255 5 0 1 0 0 0 0 0 data 19 0x10005 0x101 0x211a3f0 0x2ff8 0x0 0x0 0x70007 0x2e 0x38 0x30cb 0xb0003 0x30cb 0x18 0x180005 0x101 0x211a3f0 0x2ff8 0x0 0x0 oops 2 2 java/lang/String 15 java/lang/String
ciMethodData org/eclipse/swt/internal/win32/TCHAR <init> (I[CZ)V 2 6211 orig 264 232 160 64 89 0 0 0 0 128 130 95 22 0 0 0 0 216 2 0 0 48 1 0 0 0 0 0 0 0 0 0 0 0 0 0 0 0 0 0 0 0 0 0 0 0 0 0 0 0 0 0 0 0 0 0 0 0 0 0 0 0 0 0 0 0 0 0 0 0 0 0 0 0 0 0 0 0 0 0 0 77 68 79 32 101 120 116 114 97 32 100 97 116 97 32 108 111 99 107 0 0 0 0 0 0 0 0 0 0 0 0 0 0 0 0 0 0 0 0 0 0 0 0 0 0 0 0 0 0 0 0 0 0 0 0 0 0 0 0 0 0 0 0 0 0 0 0 0 0 0 0 0 0 0 0 0 0 0 0 0 0 0 0 0 0 0 0 0 0 0 0 0 0 0 0 0 0 0 0 0 0 0 0 0 0 0 0 0 0 0 0 0 0 0 0 0 0 0 0 0 0 0 0 0 0 0 0 0 0 0 0 0 0 0 0 0 66 0 0 0 9 192 0 0 1 0 0 0 0 0 0 0 0 0 0 0 2 0 0 0 0 0 15 0 2 0 0 0 120 1 0 0 255 255 255 255 2 0 1 0 0 0 0 0 data 47 0x10002 0x1801 0x100007 0x0 0xc8 0x1801 0x140007 0x1801 0x90 0x0 0x190007 0x0 0x60 0x0 0x1e0007 0x0 0x50 0x0 0x270007 0x0 0x30 0x0 0x390002 0x0 0x440003 0x1801 0xb8 0x480007 0x0 0x38 0x0 0x4c0003 0x0 0x18 0x590007 0x0 0x38 0x0 0x5d0003 0x0 0x18 0x7c0002 0x0 0x830007 0x0 0x20 0x0 oops 0
ciMethod org/eclipse/swt/widgets/EventTable hooks (I)Z 1 1 2769 0 0
ciMethodData org/eclipse/swt/widgets/EventTable hooks (I)Z 2 11075 orig 264 232 160 64 89 0 0 0 0 24 34 102 22 0 0 0 0 160 1 0 0 0 0 0 0 0 0 0 0 0 0 0 0 0 0 0 0 0 0 0 0 0 0 0 0 0 0 0 0 0 0 0 0 0 0 0 0 0 0 0 0 0 0 0 0 0 0 0 0 0 0 0 0 0 0 0 0 0 0 0 0 77 68 79 32 101 120 116 114 97 32 100 97 116 97 32 108 111 99 107 0 0 0 0 0 0 0 0 0 0 0 0 0 0 0 0 0 0 0 0 0 0 0 0 0 0 0 0 0 0 0 0 0 0 0 0 0 0 0 0 0 0 0 0 0 0 0 0 0 0 0 0 0 0 0 0 0 0 0 0 0 0 0 0 0 0 0 0 0 0 0 0 0 0 0 0 0 0 0 0 0 0 0 0 0 0 0 0 0 0 0 0 0 0 0 0 0 0 0 0 0 0 0 0 0 0 0 0 0 0 0 0 0 0 0 0 0 0 0 0 0 137 86 0 0 25 90 1 0 0 0 0 0 0 0 0 0 2 0 0 0 1 0 10 0 2 0 0 0 120 0 0 0 255 255 255 255 7 0 4 0 0 0 0 0 data 15 0x40007 0xad1 0x20 0x0 0x110007 0xad1 0x58 0x2b44 0x1b0007 0x2b44 0x20 0x0 0x230003 0x2b44 0xffffffffffffffc0 oops 0
ciMethod ClientSocket getPositions ()[I 2057 1 29985 0 0
ciMethod ClientSocket getSensorVals ()[I 2049 1 12798 0 0
ciMethod Sensor getVals ()[I 1025 1 128 0 0
ciMethod org/ejml/data/DenseMatrix64F get (II)D 2049 1 5380 0 224
ciMethod KawasakiMatrix getMw ()Lorg/ejml/simple/SimpleMatrix; 2049 1 6402 0 -1
ciMethod KawasakiMatrix modifyVector3m (ZZDDDDDD)Lorg/ejml/simple/SimpleMatrix; 2049 1 6399 0 -1
ciMethod KawasakiMatrix getMatrix3x3ZYZm (ZDDD)Lorg/ejml/simple/SimpleMatrix; 2049 1 6399 0 -1
ciMethodData java/lang/String valueOf (I)Ljava/lang/String; 2 169459 orig 264 232 160 64 89 0 0 0 0 16 112 20 22 0 0 0 0 88 1 0 0 0 0 0 0 0 0 0 0 0 0 0 0 0 0 0 0 0 0 0 0 0 0 0 0 0 0 0 0 0 0 0 0 0 0 0 0 0 0 0 0 0 0 0 0 0 0 0 0 0 0 0 0 0 0 0 0 0 0 0 0 77 68 79 32 101 120 116 114 97 32 100 97 116 97 32 108 111 99 107 0 0 0 0 0 0 0 0 0 0 0 0 0 0 0 0 0 0 0 0 0 0 0 0 0 0 0 0 0 0 0 0 0 0 0 0 0 0 0 0 0 0 0 0 0 0 0 0 0 0 0 0 0 0 0 0 0 0 0 0 0 0 0 0 0 0 0 0 0 0 0 0 0 0 0 0 0 0 0 0 0 0 0 0 0 0 0 0 0 0 0 0 0 0 0 0 0 0 0 0 0 0 0 0 0 0 0 0 0 0 0 0 0 0 0 0 0 128 1 0 0 153 163 20 0 1 0 0 0 0 0 0 0 0 0 0 0 2 0 0 0 0 0 3 0 2 0 0 0 16 0 0 0 255 255 255 255 2 0 1 0 0 0 0 0 data 2 0x10002 0x29473 oops 0
ciMethodData org/eclipse/swt/internal/win32/OS SetWindowText (JLorg/eclipse/swt/internal/win32/TCHAR;)Z 2 5378 orig 264 232 160 64 89 0 0 0 0 136 169 92 22 0 0 0 0 8 2 0 0 136 0 0 0 0 0 0 0 0 0 0 0 0 0 0 0 0 0 0 0 0 0 0 0 0 0 0 0 0 0 0 0 0 0 0 0 0 0 0 0 0 0 0 0 0 0 0 0 0 0 0 0 0 0 0 0 0 0 0 0 77 68 79 32 101 120 116 114 97 32 100 97 116 97 32 108 111 99 107 0 0 0 0 0 0 0 0 0 0 0 0 0 0 0 0 0 0 0 0 0 0 0 0 0 0 0 0 0 0 0 0 0 0 0 0 0 0 0 0 0 0 0 0 0 0 0 0 0 0 0 0 0 0 0 0 0 0 0 0 0 0 0 0 0 0 0 0 0 0 0 0 0 0 0 0 0 0 0 0 0 0 0 0 0 0 0 0 0 0 0 0 0 0 0 0 0 0 0 0 0 0 0 0 0 0 0 0 0 0 0 0 0 0 0 0 0 0 1 0 0 17 160 0 0 1 0 0 0 0 0 0 0 0 0 0 0 2 0 0 0 0 0 7 0 2 0 0 0 176 0 0 0 255 255 255 255 7 0 3 0 0 0 0 0 data 22 0x30007 0x0 0x68 0x1402 0x70007 0x1402 0x38 0x0 0xb0003 0x0 0x18 0x150002 0x1402 0x1a0007 0x0 0x38 0x0 0x1e0003 0x0 0x18 0x280002 0x0 oops 0
ciMethodData org/eclipse/swt/widgets/Display withCrLf (Ljava/lang/String;)Ljava/lang/String; 2 5376 orig 264 232 160 64 89 0 0 0 0 72 169 89 22 0 0 0 0 112 4 0 0 176 1 0 0 0 0 0 0 0 0 0 0 0 0 0 0 0 0 0 0 0 0 0 0 0 0 0 0 0 0 0 0 0 0 0 0 0 0 0 0 0 0 0 0 0 0 0 0 0 0 0 0 0 0 0 0 0 0 0 0 77 68 79 32 101 120 116 114 97 32 100 97 116 97 32 108 111 99 107 0 0 0 0 0 0 0 0 0 0 0 0 0 0 0 0 0 0 0 0 0 0 0 0 0 0 0 0 0 0 0 0 0 0 0 0 0 0 0 0 0 0 0 0 0 0 0 0 0 0 0 0 0 0 0 0 0 0 0 0 0 0 0 0 0 0 0 0 0 0 0 0 0 0 0 0 0 0 0 0 0 0 0 0 0 0 0 0 0 0 0 0 0 0 0 0 0 0 0 0 0 0 0 0 0 0 0 0 0 0 0 0 0 0 0 0 0 0 1 0 0 1 160 0 0 1 0 0 0 0 0 0 0 0 0 0 0 2 0 0 0 2 0 35 0 2 0 0 0 40 3 0 0 255 255 255 255 5 0 1 0 0 0 0 0 data 101 0x10005 0x2 0x211a3f0 0x13fe 0x0 0x0 0x60007 0x1400 0x20 0x0 0xf0005 0x2 0x211a3f0 0x13fe 0x0 0x0 0x150007 0x0 0x20 0x1400 0x1b0007 0x0 0x70 0x0 0x220005 0x0 0x0 0x0 0x0 0x0 0x270007 0x0 0x20 0x0 0x330007 0x0 0xa0 0x0 0x3a0005 0x0 0x0 0x0 0x0 0x0 0x400007 0x0 0x38 0x0 0x430003 0x0 0x30 0x4c0003 0x0 0xffffffffffffff78 0x5a0002 0x0 0x610007 0x0 0x138 0x0 0x680005 0x0 0x0 0x0 0x0 0x0 0x700007 0x0 0x20 0x0 0x7c0005 0x0 0x0 0x0 0x0 0x0 0x7f0005 0x0 0x0 0x0 0x0 0x0 0x880007 0x0 0x50 0x0 0x900005 0x0 0x0 0x0 0x0 0x0 0x970003 0x0 0xfffffffffffffee0 0x9c0005 0x0 0x0 0x0 0x0 0x0 oops 2 2 java/lang/String 12 java/lang/String
ciMethodData org/eclipse/swt/widgets/Text setText (Ljava/lang/String;)V 2 5385 orig 264 232 160 64 89 0 0 0 0 136 59 99 22 0 0 0 0 208 4 0 0 192 2 0 0 0 0 0 0 0 0 0 0 0 0 0 0 0 0 0 0 0 0 0 0 0 0 0 0 0 0 0 0 0 0 0 0 0 0 0 0 0 0 0 0 0 0 0 0 0 0 0 0 0 0 0 0 0 0 0 0 77 68 79 32 101 120 116 114 97 32 100 97 116 97 32 108 111 99 107 0 0 0 0 0 0 0 0 0 0 0 0 0 0 0 0 0 0 0 0 0 0 0 0 0 0 0 0 0 0 0 0 0 0 0 0 0 0 0 0 0 0 0 0 0 0 0 0 0 0 0 0 0 0 0 0 0 0 0 0 0 0 0 0 0 0 0 0 0 0 0 0 0 0 0 0 0 0 0 0 0 0 0 0 0 0 0 0 0 0 0 0 0 0 0 0 0 0 0 0 0 0 0 0 0 0 0 0 0 0 0 0 0 0 0 0 0 8 1 0 0 9 160 0 0 1 0 0 0 0 0 0 0 0 0 0 0 2 0 0 0 0 0 40 0 2 0 0 0 128 3 0 0 255 255 255 255 5 0 1 0 0 0 0 0 data 112 0x10005 0x0 0x1ab0cbf0 0x1401 0x0 0x0 0x50007 0x1401 0x50 0x0 0xa0005 0x0 0x0 0x0 0x0 0x0 0xe0002 0x1401 0x150005 0x0 0x1ab0cbf0 0x1401 0x0 0x0 0x180007 0x0 0x70 0x1401 0x1e0005 0x0 0x1ab0cbf0 0x1401 0x0 0x0 0x210007 0x1401 0x80 0x0 0x280002 0x0 0x310005 0x0 0x0 0x0 0x0 0x0 0x360007 0x0 0x20 0x0 0x3c0005 0x0 0x1ab0cbf0 0x1401 0x0 0x0 0x480002 0x1401 0x510005 0x0 0x211a3f0 0x1401 0x0 0x0 0x550007 0x1401 0x50 0x0 0x5b0005 0x0 0x0 0x0 0x0 0x0 0x640005 0x0 0x1ab0cbf0 0x1401 0x0 0x0 0x690002 0x1401 0x720002 0x1401 0x7d0007 0x1401 0x50 0x0 0x830005 0x0 0x0 0x0 0x0 0x0 0x880005 0x0 0x1ab0cbf0 0x1401 0x0 0x0 0x910002 0x1401 0x9a0007 0x1401 0x50 0x0 0xa00005 0x0 0x0 0x0 0x0 0x0 oops 7 2 org/eclipse/swt/widgets/Text 20 org/eclipse/swt/widgets/Text 30 org/eclipse/swt/widgets/Text 52 org/eclipse/swt/widgets/Text 60 java/lang/String 76 org/eclipse/swt/widgets/Text 96 org/eclipse/swt/widgets/Text
ciMethodData org/ejml/data/DenseMatrix64F get (II)D 2 5380 orig 264 232 160 64 89 0 0 0 0 112 41 56 29 0 0 0 0 232 2 0 0 96 0 0 0 0 0 0 0 0 0 0 0 0 0 0 0 0 0 0 0 0 0 0 0 0 0 0 0 0 0 0 0 0 0 0 0 0 0 0 0 0 0 0 0 0 0 0 0 0 0 0 0 0 0 0 0 0 0 0 0 77 68 79 32 101 120 116 114 97 32 100 97 116 97 32 108 111 99 107 0 0 0 0 0 0 0 0 0 0 0 0 0 0 0 0 0 0 0 0 0 0 0 0 0 0 0 0 0 0 0 0 0 0 0 0 0 0 0 0 0 0 0 0 0 0 0 0 0 0 0 0 0 0 0 0 0 0 0 0 0 0 0 0 0 0 0 0 0 0 0 0 0 0 0 0 0 0 0 0 0 0 0 0 0 0 0 0 0 0 0 0 0 0 0 0 0 0 0 0 0 0 0 0 0 0 0 0 0 0 0 0 0 0 0 0 0 0 1 0 0 33 160 0 0 1 0 0 0 0 0 0 0 0 0 0 0 2 0 0 0 0 0 12 0 2 0 0 0 144 1 0 0 255 255 255 255 7 0 1 0 0 0 0 0 data 50 0x10007 0x0 0x80 0x1404 0x90007 0x0 0x60 0x1404 0xd0007 0x0 0x40 0x1404 0x150007 0x1404 0x130 0x0 0x200002 0x0 0x250005 0x0 0x0 0x0 0x0 0x0 0x290005 0x0 0x0 0x0 0x0 0x0 0x2e0005 0x0 0x0 0x0 0x0 0x0 0x320005 0x0 0x0 0x0 0x0 0x0 0x350005 0x0 0x0 0x0 0x0 0x0 0x380002 0x0 oops 0
ciMethodData org/ejml/simple/SimpleBase get (II)D 2 68933 orig 264 232 160 64 89 0 0 0 0 64 158 84 22 0 0 0 0 136 1 0 0 0 0 0 0 0 0 0 0 0 0 0 0 0 0 0 0 0 0 0 0 0 0 0 0 0 0 0 0 0 0 0 0 0 0 0 0 0 0 0 0 0 0 0 0 0 0 0 0 0 0 0 0 0 0 0 0 0 0 0 0 77 68 79 32 101 120 116 114 97 32 100 97 116 97 32 108 111 99 107 0 0 0 0 0 0 0 0 0 0 0 0 0 0 0 0 0 0 0 0 0 0 0 0 0 0 0 0 0 0 0 0 0 0 0 0 0 0 0 0 0 0 0 0 0 0 0 0 0 0 0 0 0 0 0 0 0 0 0 0 0 0 0 0 0 0 0 0 0 0 0 0 0 0 0 0 0 0 0 0 0 0 0 0 0 17 0 0 0 0 0 0 0 0 0 0 0 0 0 0 0 1 0 0 0 0 0 0 0 0 0 0 0 0 0 0 0 0 1 0 0 41 98 8 0 1 0 0 0 0 0 0 0 0 0 0 0 2 0 0 0 0 0 3 0 2 0 0 0 48 0 0 0 255 255 255 255 5 0 6 0 0 0 0 0 data 6 0x60005 0x0 0x18074c20 0x10c45 0x0 0x0 oops 1 2 org/ejml/data/DenseMatrix64F
ciMethodData ClientSocket getPositions ()[I 2 29985 orig 264 232 160 64 89 0 0 0 0 152 197 102 22 0 0 0 0 88 1 0 0 0 0 0 0 0 0 0 0 0 0 0 0 0 0 0 0 0 0 0 0 0 0 0 0 0 0 0 0 0 0 0 0 0 0 0 0 0 0 0 0 0 0 0 0 0 0 0 0 0 0 0 0 0 0 0 0 0 0 0 0 77 68 79 32 101 120 116 114 97 32 100 97 116 97 32 108 111 99 107 0 0 0 0 0 0 0 0 0 0 0 0 0 0 0 0 0 0 0 0 0 0 0 0 0 0 0 0 0 0 0 0 0 0 0 0 0 0 0 0 0 0 0 0 0 0 0 0 0 0 0 0 0 0 0 0 0 0 0 0 0 0 0 0 0 0 0 0 0 0 0 0 0 0 0 0 0 0 0 0 0 0 0 0 0 0 0 0 0 0 0 0 0 0 0 0 0 0 0 0 0 0 0 0 0 0 0 0 0 0 0 0 0 0 0 0 0 1 1 0 0 1 161 3 0 1 0 0 0 0 0 0 0 0 0 0 0 2 0 0 0 0 0 8 0 2 0 0 0 16 0 0 0 255 255 255 255 2 0 6 0 0 0 0 0 data 2 0x60002 0x7420 oops 0
ciMethodData ClientSocket getSensorVals ()[I 2 12798 orig 264 232 160 64 89 0 0 0 0 128 208 102 22 0 0 0 0 120 1 0 0 0 0 0 0 0 0 0 0 0 0 0 0 0 0 0 0 0 0 0 0 0 0 0 0 0 0 0 0 0 0 0 0 0 0 0 0 0 0 0 0 0 0 0 0 0 0 0 0 0 0 0 0 0 0 0 0 0 0 0 0 77 68 79 32 101 120 116 114 97 32 100 97 116 97 32 108 111 99 107 0 0 0 0 0 0 0 0 0 0 0 0 0 0 0 0 0 0 0 0 0 0 0 0 0 0 0 0 0 0 0 0 0 0 0 0 0 0 0 0 0 0 0 0 0 0 0 0 0 0 0 0 0 0 0 0 0 0 0 0 0 0 0 0 0 0 0 0 0 0 0 0 0 0 0 0 0 0 0 0 0 0 0 0 0 0 0 0 0 0 0 0 0 0 0 0 0 0 0 0 0 0 0 0 0 0 0 0 0 0 0 0 0 0 0 0 0 0 1 0 0 241 135 1 0 1 0 0 0 0 0 0 0 0 0 0 0 2 0 0 0 0 0 3 0 2 0 0 0 48 0 0 0 255 255 255 255 5 0 4 0 0 0 0 0 data 6 0x40005 0x0 0x1816d970 0x30fe 0x0 0x0 oops 1 2 Sensor
ciMethodData java/util/Arrays copyOf ([II)[I 2 36389 orig 264 232 160 64 89 0 0 0 0 112 187 36 22 0 0 0 0 112 1 0 0 0 0 0 0 0 0 0 0 0 0 0 0 0 0 0 0 0 0 0 0 0 0 0 0 0 0 0 0 0 0 0 0 0 0 0 0 0 0 0 0 0 0 0 0 0 0 0 0 0 0 0 0 0 0 0 0 0 0 0 0 77 68 79 32 101 120 116 114 97 32 100 97 116 97 32 108 111 99 107 0 0 0 0 0 0 0 0 0 0 0 0 0 0 0 0 0 0 0 0 0 0 0 0 0 0 0 0 0 0 0 0 0 0 0 0 0 0 0 0 0 0 0 0 0 0 0 0 0 0 0 0 0 0 0 0 0 0 0 0 0 0 0 0 0 0 0 0 0 0 0 0 0 0 0 0 0 0 0 0 0 0 0 0 0 0 0 0 0 0 0 0 0 0 0 0 0 0 0 0 0 0 0 0 0 0 0 0 0 0 0 0 0 0 0 0 0 1 1 0 0 33 105 4 0 1 0 0 0 0 0 0 0 0 0 0 0 2 0 0 0 0 0 7 0 2 0 0 0 32 0 0 0 255 255 255 255 2 0 11 0 0 0 0 0 data 4 0xb0002 0x8d24 0xe0002 0x8d24 oops 0
ciMethodData MainWindow setSensorText ()V 2 6399 orig 264 232 160 64 89 0 0 0 0 240 93 84 22 0 0 0 0 72 8 0 0 0 0 0 0 0 0 0 0 0 0 0 0 0 0 0 0 0 0 0 0 0 0 0 0 0 0 0 0 0 0 0 0 0 0 0 0 0 0 0 0 0 0 0 0 0 0 0 0 0 0 0 0 0 0 0 0 0 0 0 0 77 68 79 32 101 120 116 114 97 32 100 97 116 97 32 108 111 99 107 0 0 0 0 0 0 0 0 0 0 0 0 0 0 0 0 0 0 0 0 0 0 0 0 0 0 0 0 0 0 0 0 0 0 0 0 0 0 0 0 0 0 0 0 0 0 0 0 0 0 0 0 0 0 0 0 0 0 0 0 0 0 0 0 0 0 0 0 0 0 0 0 0 0 0 0 0 0 0 0 0 0 0 0 0 0 0 0 0 0 0 0 0 0 0 0 0 0 0 0 0 0 0 0 0 0 0 0 0 0 0 0 0 0 0 0 0 255 0 0 0 1 192 0 0 1 0 0 0 0 0 0 0 0 0 0 0 2 0 0 0 0 0 9 0 2 0 0 0 0 7 0 0 255 255 255 255 5 0 4 0 0 0 0 0 data 224 0x40005 0x0 0x1ab0cb40 0x1800 0x0 0x0 0xc0005 0x0 0x1ab0cb40 0x1800 0x0 0x0 0x2d0002 0x1800 0x3c0002 0x17ff 0x3f0002 0x17ff 0x420005 0x81 0x16a88e20 0x177e 0x0 0x0 0x450005 0x0 0x1ab0cbf0 0x17ff 0x0 0x0 0x530002 0x17ff 0x560002 0x17ff 0x590005 0x81 0x16a88e20 0x177e 0x0 0x0 0x5c0005 0x0 0x1ab0cbf0 0x17ff 0x0 0x0 0x6a0002 0x17ff 0x6d0002 0x17ff 0x700005 0x81 0x16a88e20 0x177e 0x0 0x0 0x730005 0x0 0x1ab0cbf0 0x17ff 0x0 0x0 0x810002 0x17ff 0x840002 0x17ff 0x870005 0x81 0x16a88e20 0x177e 0x0 0x0 0x8a0005 0x0 0x1ab0cbf0 0x17ff 0x0 0x0 0x980002 0x17ff 0x9b0002 0x17ff 0x9e0005 0x81 0x16a88e20 0x177e 0x0 0x0 0xa10005 0x0 0x1ab0cbf0 0x17ff 0x0 0x0 0xaf0002 0x17ff 0xb20002 0x17ff 0xb50005 0x81 0x16a88e20 0x177e 0x0 0x0 0xb80005 0x0 0x1ab0cbf0 0x17ff 0x0 0x0 0xc60002 0x17ff 0xc90002 0x17ff 0xcc0005 0x81 0x16a88e20 0x177e 0x0 0x0 0xcf0005 0x0 0x1ab0cbf0 0x17ff 0x0 0x0 0xdd0002 0x17ff 0xe00002 0x17ff 0xe30005 0x81 0x16a88e20 0x177e 0x0 0x0 0xe60005 0x0 0x1ab0cbf0 0x17ff 0x0 0x0 0xf40002 0x17ff 0xf70002 0x17ff 0xfa0005 0x81 0x16a88e20 0x177e 0x0 0x0 0xfd0005 0x0 0x1ab0cbf0 0x17ff 0x0 0x0 0x10b0005 0x0 0x1ab0cca0 0x17ff 0x0 0x0 0x10e0002 0x17ff 0x1110002 0x17ff 0x1140005 0x81 0x16a88e20 0x177e 0x0 0x0 0x1170005 0x0 0x1ab0cbf0 0x17ff 0x0 0x0 0x1250005 0x0 0x1ab0cca0 0x17ff 0x0 0x0 0x1280002 0x17ff 0x12b0002 0x17ff 0x12e0005 0x81 0x16a88e20 0x177e 0x0 0x0 0x1310005 0x0 0x1ab0cbf0 0x17ff 0x0 0x0 0x13f0005 0x0 0x1ab0cca0 0x17ff 0x0 0x0 0x1420002 0x17ff 0x1450002 0x17ff 0x1480005 0x81 0x16a88e20 0x177e 0x0 0x0 0x14b0005 0x0 0x1ab0cbf0 0x17ff 0x0 0x0 oops 29 2 ClientSocket 8 ClientSocket 20 java/lang/StringBuilder 26 org/eclipse/swt/widgets/Text 36 java/lang/StringBuilder 42 org/eclipse/swt/widgets/Text 52 java/lang/StringBuilder 58 org/eclipse/swt/widgets/Text 68 java/lang/StringBuilder 74 org/eclipse/swt/widgets/Text 84 java/lang/StringBuilder 90 org/eclipse/swt/widgets/Text 100 java/lang/StringBuilder 106 org/eclipse/swt/widgets/Text 116 java/lang/StringBuilder 122 org/eclipse/swt/widgets/Text 132 java/lang/StringBuilder 138 org/eclipse/swt/widgets/Text 148 java/lang/StringBuilder 154 org/eclipse/swt/widgets/Text 160 org/ejml/simple/SimpleMatrix 170 java/lang/StringBuilder 176 org/eclipse/swt/widgets/Text 182 org/ejml/simple/SimpleMatrix 192 java/lang/StringBuilder 198 org/eclipse/swt/widgets/Text 204 org/ejml/simple/SimpleMatrix 214 java/lang/StringBuilder 220 org/eclipse/swt/widgets/Text
instanceKlass org/eclipse/swt/widgets/RunnableLock
instanceKlass sun/awt/AppContext$PostShutdownEventRunnable
instanceKlass sun/misc/FormattedFloatingDecimal$2
instanceKlass sun/misc/FDBigInteger
instanceKlass sun/misc/FormattedFloatingDecimal
instanceKlass java/util/Formatter$FixedString
instanceKlass java/util/Formatter$Conversion
instanceKlass java/util/Formatter$Flags
instanceKlass java/util/Formatter$FormatSpecifier
instanceKlass java/util/Formatter$FormatString
instanceKlass java/util/regex/ASCII
instanceKlass java/util/Currency$CurrencyNameGetter
instanceKlass sun/util/locale/provider/LocaleServiceProviderPool$LocalizedObjectGetter
instanceKlass sun/util/locale/provider/SPILocaleProviderAdapter$1
instanceKlass sun/util/locale/provider/LocaleServiceProviderPool
instanceKlass java/util/Currency$1
instanceKlass java/util/Currency
instanceKlass java/util/concurrent/atomic/AtomicMarkableReference$Pair
instanceKlass java/util/concurrent/atomic/AtomicMarkableReference
instanceKlass sun/util/resources/LocaleData$1
instanceKlass sun/util/resources/LocaleData
instanceKlass sun/util/locale/provider/LocaleResources
instanceKlass sun/util/locale/provider/JRELocaleProviderAdapter$1
instanceKlass sun/util/locale/provider/LocaleDataMetaInfo
instanceKlass sun/util/locale/provider/AvailableLanguageTags
instanceKlass sun/util/locale/provider/LocaleProviderAdapter$1
instanceKlass sun/util/locale/provider/ResourceBundleBasedAdapter
instanceKlass sun/util/locale/provider/LocaleProviderAdapter
instanceKlass java/util/spi/LocaleServiceProvider
instanceKlass java/text/DecimalFormatSymbols
instanceKlass java/util/Locale$1
instanceKlass java/util/Formatter
instanceKlass org/ejml/ops/MatrixIO
instanceKlass org/ejml/alg/dense/mult/MatrixMatrixMult
instanceKlass org/ejml/EjmlParameters
instanceKlass org/ejml/alg/dense/mult/MatrixVectorMult
instanceKlass org/ejml/interfaces/linsol/ReducedRowEchelonForm
instanceKlass org/ejml/interfaces/linsol/LinearSolver
instanceKlass org/ejml/alg/dense/decomposition/lu/LUDecompositionBase_D64
instanceKlass org/ejml/interfaces/decomposition/LUDecomposition
instanceKlass org/ejml/interfaces/decomposition/DecompositionInterface
instanceKlass org/ejml/ops/CommonOps
instanceKlass KawasakiMatrix
instanceKlass org/ejml/data/D1Matrix64F
instanceKlass org/ejml/data/ReshapeMatrix
instanceKlass org/ejml/data/RealMatrix64F
instanceKlass org/ejml/data/Matrix
instanceKlass org/eclipse/swt/internal/win32/POINT
instanceKlass MainWindow$13
instanceKlass MainWindow$12
instanceKlass MainWindow$11
instanceKlass MainWindow$10
instanceKlass MainWindow$9
instanceKlass MainWindow$8
instanceKlass MainWindow$7
instanceKlass MainWindow$6
instanceKlass MainWindow$5
instanceKlass MainWindow$4
instanceKlass MainWindow$3
instanceKlass MainWindow$2
instanceKlass java/awt/EventQueue$1AWTInvocationLock
instanceKlass java/awt/Window$1DisposeAction
instanceKlass sun/awt/SunToolkit$1
instanceKlass java/awt/KeyboardFocusManager$2
instanceKlass java/awt/Adjustable
instanceKlass java/awt/LightweightDispatcher$2
instanceKlass java/awt/AWTEvent$2
instanceKlass java/awt/Toolkit$SelectiveAWTEventListener
instanceKlass java/awt/LightweightDispatcher$1
instanceKlass java/awt/Container$MouseEventTargetFilter
instanceKlass java/awt/Container$EventTargetFilter
instanceKlass sun/awt/ModalExclude
instanceKlass java/awt/Cursor$CursorDisposer
instanceKlass java/text/AttributedString$AttributedStringIterator
instanceKlass java/text/AttributedCharacterIterator
instanceKlass java/text/CharacterIterator
instanceKlass java/text/AttributedString
instanceKlass sun/awt/im/CompositionAreaHandler
instanceKlass java/util/Collections$EmptyIterator
instanceKlass sun/util/locale/InternalLocaleBuilder$CaseInsensitiveChar
instanceKlass sun/util/locale/InternalLocaleBuilder
instanceKlass sun/util/locale/StringTokenIterator
instanceKlass sun/util/locale/ParseStatus
instanceKlass sun/util/locale/LanguageTag
instanceKlass sun/awt/im/InputMethodAdapter
instanceKlass java/awt/im/spi/InputMethod
instanceKlass java/awt/im/spi/InputMethodContext
instanceKlass java/awt/im/InputMethodRequests
instanceKlass java/awt/im/InputContext
instanceKlass java/awt/KeyboardFocusManager$3
instanceKlass java/util/concurrent/locks/LockSupport
instanceKlass java/awt/KeyboardFocusManager$LightweightFocusRequest
instanceKlass java/awt/KeyboardFocusManager$HeavyweightFocusRequest
instanceKlass sun/java2d/loops/FontInfo
instanceKlass java/awt/PrintGraphics
instanceKlass java/awt/print/PrinterGraphics
instanceKlass sun/awt/image/MultiResolutionImage
instanceKlass sun/java2d/d3d/D3DPaints
instanceKlass java/awt/GradientPaint
instanceKlass sun/swing/ImageCache$Entry
instanceKlass sun/swing/ImageCache
instanceKlass sun/swing/CachedPainter
instanceKlass javax/swing/plaf/metal/MetalUtils
instanceKlass sun/awt/SunGraphicsCallback
instanceKlass sun/java2d/d3d/D3DScreenUpdateManager$$Lambda$18
instanceKlass sun/java2d/pipe/BufferedPaints
instanceKlass sun/java2d/d3d/D3DSurfaceData$1
instanceKlass sun/java2d/d3d/D3DSurfaceData$1Status
instanceKlass javax/swing/RepaintManager$4
instanceKlass javax/swing/RepaintManager$2$1
instanceKlass sun/awt/GlobalCursorManager$NativeUpdater
instanceKlass sun/awt/GlobalCursorManager
instanceKlass javax/swing/RepaintManager$3
instanceKlass java/awt/TrayIcon
instanceKlass java/awt/MenuComponent
instanceKlass java/awt/EventQueue$4
instanceKlass java/awt/EventQueue$3
instanceKlass sun/awt/dnd/SunDragSourceContextPeer
instanceKlass java/awt/dnd/peer/DragSourceContextPeer
instanceKlass sun/awt/EventQueueDelegate
instanceKlass java/awt/EventDispatchThread$HierarchyEventFilter
instanceKlass java/awt/EventDispatchThread$1
instanceKlass java/awt/WaitDispatchSupport$2
instanceKlass java/awt/WaitDispatchSupport$1
instanceKlass java/awt/WaitDispatchSupport$5
instanceKlass java/awt/WaitDispatchSupport
instanceKlass java/awt/SecondaryLoop
instanceKlass java/awt/Dialog$3
instanceKlass java/util/Vector$Itr
instanceKlass java/awt/Dialog$1
instanceKlass java/awt/Conditional
instanceKlass java/awt/ModalEventFilter$1
instanceKlass java/awt/ModalEventFilter
instanceKlass java/awt/EventFilter
instanceKlass java/awt/SequencedEvent$1
instanceKlass sun/awt/AWTAccessor$SequencedEventAccessor
instanceKlass java/awt/DefaultKeyboardFocusManager$TypeAheadMarker
instanceKlass java/util/LinkedList$ListItr
instanceKlass sun/awt/util/IdentityLinkedList$ListItr
instanceKlass sun/awt/util/IdentityLinkedList$Entry
instanceKlass java/awt/SplashScreen
instanceKlass java/awt/event/ComponentAdapter
instanceKlass java/awt/event/WindowAdapter
instanceKlass javax/swing/JOptionPane$1
instanceKlass sun/java2d/StateTrackableDelegate$1
instanceKlass sun/java2d/d3d/D3DBlitLoops
instanceKlass sun/java2d/loops/ProcessPath$DrawHandler
instanceKlass sun/java2d/pipe/BufferedRenderPipe$AAParallelogramPipe
instanceKlass sun/java2d/pipe/BufferedRenderPipe
instanceKlass sun/java2d/pipe/hw/AccelSurface
instanceKlass java/awt/GridBagLayoutInfo
instanceKlass javax/swing/SizeRequirements
instanceKlass javax/swing/AbstractAction
instanceKlass javax/sound/sampled/LineListener
instanceKlass sun/swing/UIAction
instanceKlass javax/swing/Action
instanceKlass sun/awt/NullComponentPeer
instanceKlass javax/swing/RepaintManager$2
instanceKlass java/awt/SystemColor$$Lambda$17
instanceKlass sun/awt/AWTAccessor$SystemColorAccessor
instanceKlass java/lang/invoke/LambdaForm$DMH
instanceKlass java/lang/invoke/LambdaForm$DMH
instanceKlass java/awt/peer/DialogPeer
instanceKlass java/awt/peer/LightweightPeer
instanceKlass sun/awt/im/ExecutableInputMethodManager$3
instanceKlass sun/awt/im/InputMethodLocator
instanceKlass sun/awt/windows/WInputMethodDescriptor
instanceKlass java/awt/im/spi/InputMethodDescriptor
instanceKlass sun/awt/im/InputMethodManager
instanceKlass sun/awt/FontConfiguration$2
instanceKlass sun/awt/NativeLibLoader$1
instanceKlass sun/awt/NativeLibLoader
instanceKlass sun/awt/PlatformFont
instanceKlass java/awt/peer/FontPeer
instanceKlass sun/awt/windows/WComponentPeer$2
instanceKlass sun/awt/windows/WColor
instanceKlass javax/swing/SwingHeavyWeight
instanceKlass sun/java2d/StateTracker$2
instanceKlass sun/java2d/StateTracker$1
instanceKlass sun/java2d/StateTracker
instanceKlass sun/java2d/SurfaceDataProxy
instanceKlass sun/awt/image/SurfaceManager$FlushableCacheData
instanceKlass sun/java2d/DefaultDisposerRecord
instanceKlass java/util/TimSort
instanceKlass sun/java2d/loops/GraphicsPrimitiveMgr$PrimitiveSpec
instanceKlass sun/java2d/loops/RenderLoops
instanceKlass sun/java2d/windows/GDIRenderer
instanceKlass sun/java2d/loops/GraphicsPrimitiveMgr$2
instanceKlass sun/java2d/loops/GraphicsPrimitiveMgr$1
instanceKlass sun/java2d/loops/GeneralRenderer
instanceKlass sun/java2d/loops/CustomComponent
instanceKlass sun/java2d/pipe/ValidatePipe
instanceKlass java/awt/BasicStroke
instanceKlass java/awt/Stroke
instanceKlass java/awt/AlphaComposite
instanceKlass sun/awt/ConstrainableGraphics
instanceKlass sun/java2d/loops/CompositeType
instanceKlass sun/java2d/loops/GraphicsPrimitiveMgr
instanceKlass sun/java2d/loops/GraphicsPrimitive
instanceKlass sun/java2d/loops/XORComposite
instanceKlass java/awt/Composite
instanceKlass sun/java2d/d3d/D3DScreenUpdateManager$$Lambda$16
instanceKlass sun/java2d/d3d/D3DScreenUpdateManager$$Lambda$15
instanceKlass sun/java2d/ScreenUpdateManager
instanceKlass sun/awt/im/InputMethodWindow
instanceKlass sun/awt/ExtendedKeyCodes
instanceKlass sun/awt/RepaintArea
instanceKlass sun/awt/windows/WWindowPeer$GuiDisposedListener
instanceKlass sun/awt/windows/WWindowPeer$ActiveWindowListener
instanceKlass java/awt/peer/CanvasPeer
instanceKlass java/awt/peer/PanelPeer
instanceKlass java/awt/peer/FramePeer
instanceKlass java/awt/peer/WindowPeer
instanceKlass java/awt/peer/ContainerPeer
instanceKlass javax/swing/KeyboardManager$ComponentKeyStrokePair
instanceKlass sun/reflect/ClassDefiner$1
instanceKlass sun/reflect/ClassDefiner
instanceKlass sun/reflect/MethodAccessorGenerator$1
instanceKlass sun/reflect/Label$PatchInfo
instanceKlass sun/reflect/Label
instanceKlass sun/reflect/UTF8
instanceKlass sun/reflect/ClassFileAssembler
instanceKlass sun/reflect/ByteVectorImpl
instanceKlass sun/reflect/ByteVector
instanceKlass sun/reflect/ByteVectorFactory
instanceKlass sun/reflect/AccessorGenerator
instanceKlass sun/reflect/ClassFileConstants
instanceKlass javax/swing/LayoutComparator
instanceKlass java/util/function/IntBinaryOperator
instanceKlass java/util/function/DoubleBinaryOperator
instanceKlass java/util/function/BinaryOperator
instanceKlass java/util/function/BiFunction
instanceKlass java/util/function/LongBinaryOperator
instanceKlass java/util/function/IntToDoubleFunction
instanceKlass java/util/function/IntToLongFunction
instanceKlass java/util/function/IntUnaryOperator
instanceKlass java/util/function/IntFunction
instanceKlass java/util/stream/LongStream
instanceKlass java/util/stream/DoubleStream
instanceKlass java/util/stream/Stream
instanceKlass java/util/stream/IntStream
instanceKlass java/util/stream/BaseStream
instanceKlass java/util/Spliterator$OfDouble
instanceKlass java/util/Spliterator$OfInt
instanceKlass java/util/Spliterator$OfLong
instanceKlass java/util/Spliterator$OfPrimitive
instanceKlass java/util/Spliterator
instanceKlass javax/swing/SortingFocusTraversalPolicy$1
instanceKlass javax/swing/RepaintManager$PaintManager
instanceKlass javax/swing/JRootPane$RootLayout
instanceKlass javax/swing/WindowConstants
instanceKlass java/awt/Window$WindowDisposerRecord
instanceKlass java/awt/Cursor$1
instanceKlass sun/awt/AWTAccessor$CursorAccessor
instanceKlass java/awt/Cursor
instanceKlass java/awt/Frame$1
instanceKlass sun/awt/AWTAccessor$FrameAccessor
instanceKlass java/awt/Window$1
instanceKlass sun/awt/AWTAccessor$WindowAccessor
instanceKlass javax/swing/KeyboardManager
instanceKlass javax/swing/plaf/basic/BasicOptionPaneUI$Handler
instanceKlass javax/swing/RootPaneContainer
instanceKlass java/awt/EventQueue$5
instanceKlass sun/awt/EventQueueItem
instanceKlass java/awt/event/InvocationEvent$1
instanceKlass sun/awt/AWTAccessor$InvocationEventAccessor
instanceKlass java/awt/ActiveEvent
instanceKlass javax/swing/JComponent$$Lambda$14
instanceKlass javax/swing/plaf/basic/BasicOptionPaneUI$2
instanceKlass sun/font/CMap
instanceKlass sun/font/T2KFontScaler$1
instanceKlass sun/font/FontScaler
instanceKlass sun/font/TrueTypeFont$DirectoryEntry
instanceKlass java/nio/DirectByteBuffer$Deallocator
instanceKlass sun/nio/ch/Util$BufferCache
instanceKlass sun/nio/ch/Util
instanceKlass sun/nio/ch/IOStatus
instanceKlass sun/nio/ch/NativeThread
instanceKlass java/nio/channels/spi/AbstractInterruptibleChannel$1
instanceKlass sun/nio/ch/FileDispatcherImpl$1
instanceKlass sun/nio/ch/NativeDispatcher
instanceKlass sun/nio/ch/NativeThreadSet
instanceKlass sun/nio/ch/IOUtil$1
instanceKlass sun/nio/ch/IOUtil
instanceKlass java/nio/file/attribute/FileAttribute
instanceKlass java/nio/channels/spi/AbstractInterruptibleChannel
instanceKlass java/nio/channels/InterruptibleChannel
instanceKlass java/nio/channels/ScatteringByteChannel
instanceKlass java/nio/channels/GatheringByteChannel
instanceKlass java/nio/channels/SeekableByteChannel
instanceKlass java/nio/channels/ByteChannel
instanceKlass java/nio/channels/WritableByteChannel
instanceKlass java/nio/channels/ReadableByteChannel
instanceKlass java/nio/channels/Channel
instanceKlass java/io/RandomAccessFile
instanceKlass sun/font/TrueTypeFont$1
instanceKlass sun/font/TrueTypeFont$TTDisposerRecord
instanceKlass sun/font/StrikeCache$DisposableStrike
instanceKlass sun/font/FontStrikeDisposer
instanceKlass sun/java2d/Disposer$PollDisposable
instanceKlass sun/font/FontStrikeDesc
instanceKlass sun/font/FontDesignMetrics$MetricsKey
instanceKlass java/awt/GraphicsConfiguration
instanceKlass sun/awt/image/SurfaceManager$ProxiedGraphicsConfig
instanceKlass sun/java2d/pipe/hw/AccelGraphicsConfig
instanceKlass sun/java2d/pipe/hw/BufferedContextProvider
instanceKlass sun/java2d/pipe/BufferedContext
instanceKlass sun/java2d/pipe/hw/ContextCapabilities
instanceKlass sun/java2d/d3d/D3DGraphicsDevice$1
instanceKlass sun/java2d/d3d/D3DGraphicsDevice$1Result
instanceKlass sun/java2d/d3d/D3DRenderQueue$1
instanceKlass sun/java2d/pipe/RenderBuffer
instanceKlass sun/java2d/pipe/RenderQueue
instanceKlass sun/misc/PerfCounter$WindowsClientCounters
instanceKlass java/awt/GraphicsDevice
instanceKlass sun/awt/Win32FontManager$2
instanceKlass sun/font/SunFontManager$3
instanceKlass sun/font/FontFamily
instanceKlass sun/font/Font2DHandle
instanceKlass sun/font/CompositeFontDescriptor
instanceKlass sun/awt/FontDescriptor
instanceKlass sun/awt/FontConfiguration
instanceKlass sun/font/SunFontManager$FontRegistrationInfo
instanceKlass sun/font/SunFontManager$2
instanceKlass sun/awt/Win32FontManager$1
instanceKlass sun/font/FontManagerFactory$1
instanceKlass sun/font/FontManagerFactory
instanceKlass sun/font/GlyphList
instanceKlass sun/font/StrikeCache$1
instanceKlass sun/font/StrikeCache
instanceKlass sun/font/FontStrike
instanceKlass sun/font/CharToGlyphMapper
instanceKlass java/awt/geom/Path2D
instanceKlass sun/font/StrikeMetrics
instanceKlass java/awt/geom/Point2D
instanceKlass sun/font/Font2D
instanceKlass sun/font/FontUtilities$1
instanceKlass sun/font/FontUtilities
instanceKlass sun/font/FontManagerNativeLibrary$1
instanceKlass sun/font/FontManagerNativeLibrary
instanceKlass sun/font/SunFontManager$1
instanceKlass sun/font/SunFontManager$T1Filter
instanceKlass sun/font/SunFontManager$TTFilter
instanceKlass java/io/FilenameFilter
instanceKlass sun/font/SunFontManager
instanceKlass sun/font/FontManagerForSGE
instanceKlass sun/font/FontManager
instanceKlass sun/java2d/FontSupport
instanceKlass java/awt/FontMetrics
instanceKlass javax/swing/plaf/basic/BasicGraphicsUtils
instanceKlass javax/swing/plaf/basic/BasicOptionPaneUI$ButtonActionListener
instanceKlass javax/swing/ArrayTable
instanceKlass java/awt/event/KeyEvent$1
instanceKlass sun/awt/AWTAccessor$KeyEventAccessor
instanceKlass java/awt/VKCollection
instanceKlass javax/swing/InputMap
instanceKlass javax/swing/ActionMap
instanceKlass java/beans/VetoableChangeListener
instanceKlass javax/swing/event/AncestorListener
instanceKlass java/awt/AWTEventMulticaster
instanceKlass java/awt/event/MouseWheelListener
instanceKlass java/awt/event/HierarchyBoundsListener
instanceKlass java/awt/event/HierarchyListener
instanceKlass java/awt/event/InputMethodListener
instanceKlass java/awt/event/TextListener
instanceKlass java/awt/event/AdjustmentListener
instanceKlass java/awt/event/WindowStateListener
instanceKlass java/awt/event/WindowFocusListener
instanceKlass java/awt/event/WindowListener
instanceKlass java/awt/event/KeyListener
instanceKlass java/awt/event/ContainerListener
instanceKlass java/awt/event/ComponentListener
instanceKlass javax/swing/plaf/basic/BasicButtonListener
instanceKlass java/awt/event/FocusListener
instanceKlass java/awt/event/MouseMotionListener
instanceKlass java/awt/event/MouseListener
instanceKlass javax/swing/plaf/metal/MetalBorders
instanceKlass java/awt/Graphics
instanceKlass javax/swing/AbstractButton$Handler
instanceKlass java/awt/event/ItemListener
instanceKlass javax/swing/event/ChangeListener
instanceKlass java/awt/event/ActionListener
instanceKlass javax/swing/DefaultButtonModel
instanceKlass javax/swing/ButtonModel
instanceKlass java/awt/ItemSelectable
instanceKlass java/util/regex/Matcher
instanceKlass java/util/regex/MatchResult
instanceKlass javax/swing/plaf/basic/BasicOptionPaneUI$ButtonFactory
instanceKlass javax/swing/plaf/basic/BasicOptionPaneUI$ButtonAreaLayout
instanceKlass javax/swing/ScrollPaneConstants
instanceKlass javax/swing/plaf/basic/BasicHTML
instanceKlass javax/swing/plaf/metal/DefaultMetalTheme$FontDelegate$1
instanceKlass javax/swing/Icon
instanceKlass java/awt/GridBagConstraints
instanceKlass java/awt/GridBagLayout
instanceKlass java/awt/BorderLayout
instanceKlass java/awt/FlowLayout
instanceKlass javax/swing/BoxLayout
instanceKlass java/awt/LayoutManager2
instanceKlass com/sun/java/swing/SwingUtilities3
instanceKlass javax/swing/RepaintManager$ProcessingRunnable
instanceKlass java/awt/geom/RectangularShape
instanceKlass java/awt/Shape
instanceKlass sun/swing/SwingLazyValue$1
instanceKlass sun/reflect/misc/Trampoline
instanceKlass sun/net/www/protocol/jar/JarFileFactory
instanceKlass sun/net/www/protocol/jar/URLJarFile$URLJarFileCloseController
instanceKlass sun/reflect/misc/MethodUtil$1
instanceKlass javax/swing/plaf/ComponentUI
instanceKlass sun/util/ResourceBundleEnumeration
instanceKlass javax/swing/UIManager$2
instanceKlass sun/awt/KeyboardFocusManagerPeerImpl
instanceKlass java/awt/peer/KeyboardFocusManagerPeer
instanceKlass java/awt/FocusTraversalPolicy
instanceKlass java/awt/DefaultKeyboardFocusManager$1
instanceKlass sun/awt/AWTAccessor$DefaultKeyboardFocusManagerAccessor
instanceKlass java/awt/AWTKeyStroke$1
instanceKlass java/awt/AWTKeyStroke
instanceKlass java/awt/KeyboardFocusManager$1
instanceKlass sun/awt/AWTAccessor$KeyboardFocusManagerAccessor
instanceKlass java/awt/KeyboardFocusManager
instanceKlass java/awt/KeyEventPostProcessor
instanceKlass java/awt/KeyEventDispatcher
instanceKlass sun/awt/PaintEventDispatcher
instanceKlass sun/swing/SwingAccessor
instanceKlass javax/swing/RepaintManager$1
instanceKlass sun/swing/SwingAccessor$RepaintManagerAccessor
instanceKlass javax/swing/RepaintManager$DisplayChangedHandler
instanceKlass javax/swing/RepaintManager
instanceKlass javax/swing/plaf/metal/OceanTheme$6
instanceKlass javax/swing/plaf/metal/OceanTheme$5
instanceKlass javax/swing/plaf/metal/OceanTheme$4
instanceKlass javax/swing/plaf/metal/OceanTheme$3
instanceKlass javax/swing/plaf/metal/OceanTheme$2
instanceKlass javax/swing/plaf/metal/OceanTheme$1
instanceKlass java/util/EventListenerProxy
instanceKlass sun/swing/SwingUtilities2$AATextInfo
instanceKlass sun/java2d/SunGraphicsEnvironment$1
instanceKlass sun/awt/SunDisplayChanger
instanceKlass sun/java2d/SurfaceManagerFactory
instanceKlass sun/java2d/windows/WindowsFlags$1
instanceKlass sun/java2d/windows/WindowsFlags
instanceKlass javax/swing/plaf/metal/MetalLookAndFeel$$Lambda$13
instanceKlass javax/swing/plaf/metal/MetalLookAndFeel$$Lambda$12
instanceKlass javax/swing/plaf/metal/MetalLookAndFeel$$Lambda$11
instanceKlass javax/swing/plaf/metal/MetalLookAndFeel$$Lambda$10
instanceKlass javax/swing/plaf/metal/MetalLookAndFeel$$Lambda$9
instanceKlass javax/swing/plaf/metal/MetalLookAndFeel$FontActiveValue
instanceKlass javax/swing/plaf/metal/MetalLookAndFeel$$Lambda$8
instanceKlass javax/swing/plaf/metal/MetalLookAndFeel$$Lambda$7
instanceKlass javax/swing/UIDefaults$LazyInputMap
instanceKlass javax/swing/plaf/basic/BasicLookAndFeel$2
instanceKlass sun/swing/SwingUtilities2$2
instanceKlass javax/swing/border/AbstractBorder
instanceKlass javax/swing/border/Border
instanceKlass javax/swing/UIDefaults$ActiveValue
instanceKlass sun/swing/SwingLazyValue
instanceKlass javax/swing/UIDefaults$LazyValue
instanceKlass javax/swing/plaf/metal/DefaultMetalTheme$FontDelegate
instanceKlass javax/swing/plaf/UIResource
instanceKlass javax/swing/plaf/metal/MetalTheme
instanceKlass sun/swing/DefaultLookup
instanceKlass javax/swing/LookAndFeel
instanceKlass javax/swing/UIManager$1
instanceKlass javax/swing/UIManager$LAFState
instanceKlass sun/swing/SwingUtilities2$LSBCacheEntry
instanceKlass sun/swing/StringUIClientPropertyKey
instanceKlass sun/swing/UIClientPropertyKey
instanceKlass java/awt/font/FontRenderContext
instanceKlass sun/swing/SwingUtilities2
instanceKlass java/util/IdentityHashMap$IdentityHashMapIterator
instanceKlass java/awt/Toolkit$DesktopPropertyChangeSupport$1
instanceKlass java/util/ComparableTimSort
instanceKlass java/util/Arrays$LegacyMergeSort
instanceKlass sun/awt/SunHints$Value
instanceKlass java/awt/RenderingHints$Key
instanceKlass sun/awt/SunHints
instanceKlass java/awt/RenderingHints
instanceKlass sun/awt/windows/WDesktopProperties$WinPlaySound
instanceKlass java/awt/Color
instanceKlass java/awt/Paint
instanceKlass java/util/concurrent/locks/ReentrantReadWriteLock$WriteLock
instanceKlass java/util/concurrent/locks/ReentrantReadWriteLock$ReadLock
instanceKlass sun/nio/ch/Interruptible
instanceKlass java/util/concurrent/locks/ReentrantReadWriteLock
instanceKlass java/util/concurrent/locks/ReadWriteLock
instanceKlass sun/awt/windows/ThemeReader
instanceKlass sun/awt/windows/WDesktopProperties
instanceKlass java/lang/Shutdown$Lock
instanceKlass java/lang/Shutdown
instanceKlass java/lang/ApplicationShutdownHooks$1
instanceKlass java/lang/ApplicationShutdownHooks
instanceKlass sun/awt/windows/WToolkit$$Lambda$6
instanceKlass java/lang/invoke/LambdaForm$DMH
instanceKlass java/lang/invoke/LambdaForm$MH
instanceKlass sun/awt/windows/WToolkit$$Lambda$5
instanceKlass sun/awt/windows/WToolkit$$Lambda$4
instanceKlass sun/awt/windows/WToolkit$$Lambda$3
instanceKlass sun/awt/AWTAutoShutdown
instanceKlass sun/misc/ThreadGroupUtils
instanceKlass sun/java2d/Disposer$$Lambda$2
instanceKlass java/lang/invoke/LambdaForm$DMH
instanceKlass sun/java2d/Disposer$1
instanceKlass sun/java2d/Disposer
instanceKlass sun/awt/windows/WToolkit$ToolkitDisposer
instanceKlass sun/java2d/DisposerRecord
instanceKlass sun/misc/PerformanceLogger$TimeData
instanceKlass sun/misc/PerformanceLogger
instanceKlass sun/awt/SunToolkit$ModalityListenerList
instanceKlass sun/awt/ModalityListener
instanceKlass java/beans/PropertyChangeListener
instanceKlass java/beans/ChangeListenerMap
instanceKlass java/beans/PropertyChangeSupport
instanceKlass sun/awt/windows/WToolkit$2
instanceKlass sun/awt/DisplayChangedListener
instanceKlass sun/awt/image/SurfaceManager
instanceKlass sun/awt/image/SurfaceManager$ImageAccessor
instanceKlass java/awt/ImageCapabilities
instanceKlass java/awt/Image
instanceKlass sun/java2d/DestSurfaceProvider
instanceKlass sun/java2d/loops/RenderCache$Entry
instanceKlass sun/java2d/loops/RenderCache
instanceKlass sun/java2d/pipe/DrawImage
instanceKlass sun/java2d/pipe/GeneralCompositePipe
instanceKlass sun/java2d/pipe/SpanShapeRenderer
instanceKlass sun/java2d/pipe/AlphaPaintPipe
instanceKlass sun/java2d/pipe/AAShapePipe
instanceKlass sun/java2d/pipe/RegionIterator
instanceKlass sun/java2d/pipe/Region
instanceKlass sun/java2d/pipe/SpanClipRenderer
instanceKlass sun/java2d/pipe/PixelToShapeConverter
instanceKlass sun/java2d/pipe/AlphaColorPipe
instanceKlass sun/java2d/pipe/CompositePipe
instanceKlass sun/java2d/pipe/GlyphListPipe
instanceKlass sun/java2d/pipe/OutlineTextRenderer
instanceKlass sun/java2d/pipe/RenderingEngine$1
instanceKlass sun/java2d/pipe/RenderingEngine
instanceKlass sun/java2d/pipe/LoopPipe
instanceKlass sun/java2d/pipe/LoopBasedPipe
instanceKlass sun/java2d/pipe/ParallelogramPipe
instanceKlass sun/java2d/pipe/NullPipe
instanceKlass sun/java2d/pipe/DrawImagePipe
instanceKlass sun/java2d/pipe/TextPipe
instanceKlass sun/java2d/pipe/ShapeDrawPipe
instanceKlass sun/java2d/pipe/PixelFillPipe
instanceKlass sun/java2d/pipe/PixelDrawPipe
instanceKlass sun/java2d/StateTrackableDelegate$2
instanceKlass sun/java2d/StateTrackableDelegate
instanceKlass java/awt/color/ICC_Profile$1
instanceKlass sun/java2d/cmm/ProfileActivator
instanceKlass sun/java2d/cmm/ProfileDeferralMgr
instanceKlass java/awt/color/ICC_Profile
instanceKlass java/awt/color/ColorSpace
instanceKlass java/awt/image/ColorModel$1
instanceKlass java/awt/image/ColorModel
instanceKlass sun/awt/image/PixelConverter
instanceKlass sun/java2d/loops/SurfaceType
instanceKlass sun/java2d/SurfaceData
instanceKlass sun/java2d/Surface
instanceKlass sun/java2d/StateTrackable
instanceKlass sun/java2d/DisposerTarget
instanceKlass java/awt/Transparency
instanceKlass sun/awt/windows/WToolkit$1
instanceKlass java/awt/Toolkit$2
instanceKlass sun/awt/OSInfo$1
instanceKlass sun/awt/OSInfo$WindowsVersion
instanceKlass sun/awt/OSInfo
instanceKlass javax/swing/UIManager$LookAndFeelInfo
instanceKlass javax/swing/UIManager
instanceKlass javax/swing/SwingUtilities
instanceKlass javax/swing/SwingConstants
instanceKlass javax/swing/event/EventListenerList
instanceKlass sun/awt/PostEventQueue
instanceKlass sun/awt/MostRecentKeyValue
instanceKlass java/awt/Queue
instanceKlass java/awt/EventQueue$2
instanceKlass sun/awt/AWTAccessor$EventQueueAccessor
instanceKlass java/awt/EventQueue$1
instanceKlass java/awt/EventQueue
instanceKlass sun/awt/AppContext$1
instanceKlass java/util/concurrent/locks/AbstractQueuedSynchronizer$ConditionObject
instanceKlass java/util/concurrent/locks/Condition
instanceKlass java/util/concurrent/locks/AbstractQueuedSynchronizer$Node
instanceKlass java/util/concurrent/locks/AbstractOwnableSynchronizer
instanceKlass sun/awt/KeyboardFocusManagerPeerProvider
instanceKlass sun/awt/InputMethodSupport
